C:\USERS\WENGYUNFAN\DESKTOP\DISTRIB\DEBUG\CAMERA.OBJ
C:\Users\wengyunfan\Desktop\distrib\Debug\cl.command.1.tlog
C:\Users\wengyunfan\Desktop\distrib\Debug\CL.read.1.tlog
C:\Users\wengyunfan\Desktop\distrib\Debug\CL.write.1.tlog
C:\USERS\WENGYUNFAN\DESKTOP\DISTRIB\DEBUG\CURVE.OBJ
C:\Users\wengyunfan\Desktop\distrib\Debug\link.9792.read.1.tlog
C:\Users\wengyunfan\Desktop\distrib\Debug\link.9792.write.1.tlog
C:\Users\wengyunfan\Desktop\distrib\Debug\link.9792-cvtres.read.1.tlog
C:\Users\wengyunfan\Desktop\distrib\Debug\link.9792-cvtres.write.1.tlog
C:\Users\wengyunfan\Desktop\distrib\Debug\link.command.1.tlog
C:\Users\wengyunfan\Desktop\distrib\Debug\link.read.1.tlog
C:\Users\wengyunfan\Desktop\distrib\Debug\link.write.1.tlog
C:\Users\wengyunfan\Desktop\distrib\Debug\link-cvtres.read.1.tlog
C:\Users\wengyunfan\Desktop\distrib\Debug\link-cvtres.write.1.tlog
C:\USERS\WENGYUNFAN\DESKTOP\DISTRIB\DEBUG\MAIN.OBJ
C:\USERS\WENGYUNFAN\DESKTOP\DISTRIB\DEBUG\MATRIX2F.OBJ
C:\USERS\WENGYUNFAN\DESKTOP\DISTRIB\DEBUG\MATRIX3F.OBJ
C:\USERS\WENGYUNFAN\DESKTOP\DISTRIB\DEBUG\MATRIX4F.OBJ
C:\Users\wengyunfan\Desktop\distrib\Debug\mt.command.1.tlog
C:\Users\wengyunfan\Desktop\distrib\Debug\mt.read.1.tlog
C:\Users\wengyunfan\Desktop\distrib\Debug\mt.write.1.tlog
C:\USERS\WENGYUNFAN\DESKTOP\DISTRIB\DEBUG\ONE.EXE
C:\USERS\WENGYUNFAN\DESKTOP\DISTRIB\DEBUG\ONE.EXE.EMBED.MANIFEST
C:\USERS\WENGYUNFAN\DESKTOP\DISTRIB\DEBUG\ONE.EXE.EMBED.MANIFEST.RES
C:\USERS\WENGYUNFAN\DESKTOP\DISTRIB\DEBUG\ONE.EXE.INTERMEDIATE.MANIFEST
C:\USERS\WENGYUNFAN\DESKTOP\DISTRIB\DEBUG\ONE.ILK
C:\USERS\WENGYUNFAN\DESKTOP\DISTRIB\DEBUG\ONE.PDB
C:\Users\wengyunfan\Desktop\distrib\Debug\one.vcxprojResolveAssemblyReference.cache
C:\Users\wengyunfan\Desktop\distrib\Debug\one.write.1.tlog
C:\Users\wengyunfan\Desktop\distrib\Debug\one_manifest.rc
C:\USERS\WENGYUNFAN\DESKTOP\DISTRIB\DEBUG\PARSE.OBJ
C:\USERS\WENGYUNFAN\DESKTOP\DISTRIB\DEBUG\QUAT4F.OBJ
C:\Users\wengyunfan\Desktop\distrib\Debug\rc.command.1.tlog
C:\Users\wengyunfan\Desktop\distrib\Debug\rc.read.1.tlog
C:\Users\wengyunfan\Desktop\distrib\Debug\rc.write.1.tlog
C:\USERS\WENGYUNFAN\DESKTOP\DISTRIB\DEBUG\SURF.OBJ
C:\Users\wengyunfan\Desktop\distrib\Debug\vc100.idb
C:\USERS\WENGYUNFAN\DESKTOP\DISTRIB\DEBUG\VC100.PDB
C:\USERS\WENGYUNFAN\DESKTOP\DISTRIB\DEBUG\VECTOR2F.OBJ
C:\USERS\WENGYUNFAN\DESKTOP\DISTRIB\DEBUG\VECTOR3F.OBJ
C:\USERS\WENGYUNFAN\DESKTOP\DISTRIB\DEBUG\VECTOR4F.OBJ
