生成启动时间为 12/2/2018 7:20:44 PM。
     1>项目“C:\Users\wengyunfan\Desktop\G-V_assignment1-master\one.vcxproj”在节点 2 上(build 个目标)。
     1>InitializeBuildStatus:
         正在对“Debug\one.unsuccessfulbuild”执行 Touch 任务。
       ClCompile:
         C:\Program Files (x86)\Microsoft Visual Studio 10.0\VC\bin\CL.exe /c /Zi /nologo /W3 /WX- /Od /Oy- /D WIN32 /D _DEBUG /D _CONSOLE /Gm /EHsc /RTC1 /MDd /GS /fp:precise /Zc:wchar_t /Zc:forScope /Fo"Debug\\" /Fd"Debug\vc100.pdb" /Gd /TP /analyze- /errorReport:prompt curve.cpp
         curve.cpp
     1>curve.cpp(55): warning C4101: “num_of_steps”: 未引用的局部变量
     1>curve.cpp(170): warning C4244: “初始化”: 从“double”转换到“float”，可能丢失数据
       ManifestResourceCompile:
         所有输出均为最新。
       Link:
         C:\Program Files (x86)\Microsoft Visual Studio 10.0\VC\bin\link.exe /ERRORREPORT:PROMPT /OUT:"C:\Users\wengyunfan\Desktop\G-V_assignment1-master\Debug\one.exe" /INCREMENTAL /NOLOGO kernel32.lib user32.lib gdi32.lib winspool.lib comdlg32.lib advapi32.lib shell32.lib ole32.lib oleaut32.lib uuid.lib odbc32.lib odbccp32.lib /MANIFEST /ManifestFile:"Debug\one.exe.intermediate.manifest" /MANIFESTUAC:"level='asInvoker' uiAccess='false'" /DEBUG /PDB:"C:\Users\wengyunfan\Desktop\G-V_assignment1-master\Debug\one.pdb" /SUBSYSTEM:CONSOLE /TLBID:1 /DYNAMICBASE /NXCOMPAT /IMPLIB:"C:\Users\wengyunfan\Desktop\G-V_assignment1-master\Debug\one.lib" /MACHINE:X86 Debug\one.exe.embed.manifest.res
         Debug\camera.obj
         Debug\curve.obj
         Debug\main.obj
         Debug\parse.obj
         Debug\surf.obj
         Debug\Matrix2f.obj
         Debug\Matrix3f.obj
         Debug\Matrix4f.obj
         Debug\Quat4f.obj
         Debug\Vector2f.obj
         Debug\Vector3f.obj
         Debug\Vector4f.obj
         LINK : 没有找到 C:\Users\wengyunfan\Desktop\G-V_assignment1-master\Debug\one.exe 或上一个增量链接没有生成它；正在执行完全链接
       Manifest:
         C:\Program Files (x86)\Microsoft SDKs\Windows\v7.0A\bin\mt.exe /nologo /verbose /out:"Debug\one.exe.embed.manifest" /manifest Debug\one.exe.intermediate.manifest
         所有输出均为最新。
       LinkEmbedManifest:
         所有输出均为最新。
         one.vcxproj -> C:\Users\wengyunfan\Desktop\G-V_assignment1-master\Debug\one.exe
       FinalizeBuildStatus:
         正在删除文件“Debug\one.unsuccessfulbuild”。
         正在对“Debug\one.lastbuildstate”执行 Touch 任务。
     1>已完成生成项目“C:\Users\wengyunfan\Desktop\G-V_assignment1-master\one.vcxproj”(build 个目标)的操作。

生成成功。

已用时间 00:00:01.27
